<?xml version="1.0" encoding="UTF-8"?>
<testsuite xmlns:xsi="http://www.w3.org/2001/XMLSchema-instance" xsi:noNamespaceSchemaLocation="https://maven.apache.org/surefire/maven-surefire-plugin/xsd/surefire-test-report-3.0.xsd" version="3.0" name="TestSuite" time="6.919" tests="11" errors="0" skipped="0" failures="11">
  <properties>
[...]
</properties>
  <testcase name="runScenario[&quot;Airport cab services&quot;, &quot;Optional[Airport]&quot;](1)" classname="com.mindtree.runner.TestRunner" time="0.875">
    <failure message="The driver executable does not exist: C:\Users\Kiran\Downloads\MilestoneAssesmentt4\MilestoneAssesmentt4\driver\chromedriver.exe" type="java.lang.IllegalStateException"><![CDATA[java.lang.IllegalStateException: The driver executable does not exist: C:\Users\Kiran\Downloads\MilestoneAssesmentt4\MilestoneAssesmentt4\driver\chromedriver.exe
]]></failure>
    <system-out><![CDATA[[main] DEBUG Hooks.class  - Opening driver
[main] INFO  Hooks.class  - Driver closed
[main] INFO  Hooks.class  - Scenario completed
]]></system-out>
  </testcase>
  <testcase name="runScenario[&quot;Airport cab services&quot;, &quot;Optional[Airport]&quot;](2)" classname="com.mindtree.runner.TestRunner" time="0.203">
    <failure message="The driver executable does not exist: C:\Users\Kiran\Downloads\MilestoneAssesmentt4\MilestoneAssesmentt4\driver\chromedriver.exe" type="java.lang.IllegalStateException"><![CDATA[java.lang.IllegalStateException: The driver executable does not exist: C:\Users\Kiran\Downloads\MilestoneAssesmentt4\MilestoneAssesmentt4\driver\chromedriver.exe
]]></failure>
    <system-out><![CDATA[[main] DEBUG Hooks.class  - Opening driver
[main] INFO  Hooks.class  - Driver closed
[main] INFO  Hooks.class  - Scenario completed
]]></system-out>
  </testcase>
  <testcase name="runScenario[&quot;Title of homepage validation&quot;, &quot;Optional[Homepage]&quot;](3)" classname="com.mindtree.runner.TestRunner" time="0.089">
    <failure message="The driver executable does not exist: C:\Users\Kiran\Downloads\MilestoneAssesmentt4\MilestoneAssesmentt4\driver\chromedriver.exe" type="java.lang.IllegalStateException"><![CDATA[java.lang.IllegalStateException: The driver executable does not exist: C:\Users\Kiran\Downloads\MilestoneAssesmentt4\MilestoneAssesmentt4\driver\chromedriver.exe
]]></failure>
    <system-out><![CDATA[[main] DEBUG Hooks.class  - Opening driver
[main] INFO  Hooks.class  - Driver closed
[main] INFO  Hooks.class  - Scenario completed
]]></system-out>
  </testcase>
  <testcase name="runScenario[&quot;CEO Validation&quot;, &quot;Optional[Homepage]&quot;](4)" classname="com.mindtree.runner.TestRunner" time="0.141">
    <failure message="The driver executable does not exist: C:\Users\Kiran\Downloads\MilestoneAssesmentt4\MilestoneAssesmentt4\driver\chromedriver.exe" type="java.lang.IllegalStateException"><![CDATA[java.lang.IllegalStateException: The driver executable does not exist: C:\Users\Kiran\Downloads\MilestoneAssesmentt4\MilestoneAssesmentt4\driver\chromedriver.exe
]]></failure>
    <system-out><![CDATA[[main] DEBUG Hooks.class  - Opening driver
[main] INFO  Hooks.class  - Driver closed
[main] INFO  Hooks.class  - Scenario completed
]]></system-out>
  </testcase>
  <testcase name="runScenario[&quot;ContactUs&quot;, &quot;Optional[Homepage]&quot;](5)" classname="com.mindtree.runner.TestRunner" time="0.193">
    <failure message="The driver executable does not exist: C:\Users\Kiran\Downloads\MilestoneAssesmentt4\MilestoneAssesmentt4\driver\chromedriver.exe" type="java.lang.IllegalStateException"><![CDATA[java.lang.IllegalStateException: The driver executable does not exist: C:\Users\Kiran\Downloads\MilestoneAssesmentt4\MilestoneAssesmentt4\driver\chromedriver.exe
]]></failure>
    <system-out><![CDATA[[main] DEBUG Hooks.class  - Opening driver
[main] INFO  Hooks.class  - Driver closed
[main] INFO  Hooks.class  - Scenario completed
]]></system-out>
  </testcase>
  <testcase name="runScenario[&quot;Local cab services&quot;, &quot;Optional[Local path]&quot;](6)" classname="com.mindtree.runner.TestRunner" time="0.128">
    <failure message="The driver executable does not exist: C:\Users\Kiran\Downloads\MilestoneAssesmentt4\MilestoneAssesmentt4\driver\chromedriver.exe" type="java.lang.IllegalStateException"><![CDATA[java.lang.IllegalStateException: The driver executable does not exist: C:\Users\Kiran\Downloads\MilestoneAssesmentt4\MilestoneAssesmentt4\driver\chromedriver.exe
]]></failure>
    <system-out><![CDATA[[main] DEBUG Hooks.class  - Opening driver
[main] INFO  Hooks.class  - Driver closed
[main] INFO  Hooks.class  - Scenario completed
]]></system-out>
  </testcase>
  <testcase name="runScenario[&quot;Validating Text is displayed after filling the fields&quot;, &quot;Optional[Corporate car Rental under services]&quot;](7)" classname="com.mindtree.runner.TestRunner" time="0.167">
    <failure message="The driver executable does not exist: C:\Users\Kiran\Downloads\MilestoneAssesmentt4\MilestoneAssesmentt4\driver\chromedriver.exe" type="java.lang.IllegalStateException"><![CDATA[java.lang.IllegalStateException: The driver executable does not exist: C:\Users\Kiran\Downloads\MilestoneAssesmentt4\MilestoneAssesmentt4\driver\chromedriver.exe
]]></failure>
    <system-out><![CDATA[[main] DEBUG Hooks.class  - Opening driver
[main] INFO  Hooks.class  - Driver closed
[main] INFO  Hooks.class  - Scenario completed
]]></system-out>
  </testcase>
  <testcase name="runScenario[&quot;Validating the North route&quot;, &quot;Optional[One way cab]&quot;](8)" classname="com.mindtree.runner.TestRunner" time="0.093">
    <failure message="The driver executable does not exist: C:\Users\Kiran\Downloads\MilestoneAssesmentt4\MilestoneAssesmentt4\driver\chromedriver.exe" type="java.lang.IllegalStateException"><![CDATA[java.lang.IllegalStateException: The driver executable does not exist: C:\Users\Kiran\Downloads\MilestoneAssesmentt4\MilestoneAssesmentt4\driver\chromedriver.exe
]]></failure>
    <system-out><![CDATA[[main] DEBUG Hooks.class  - Opening driver
[main] INFO  Hooks.class  - Driver closed
[main] INFO  Hooks.class  - Scenario completed
]]></system-out>
  </testcase>
  <testcase name="runScenario[&quot;Outstaion cab services&quot;, &quot;Optional[Outsation path]&quot;](9)" classname="com.mindtree.runner.TestRunner" time="0.127">
    <failure message="The driver executable does not exist: C:\Users\Kiran\Downloads\MilestoneAssesmentt4\MilestoneAssesmentt4\driver\chromedriver.exe" type="java.lang.IllegalStateException"><![CDATA[java.lang.IllegalStateException: The driver executable does not exist: C:\Users\Kiran\Downloads\MilestoneAssesmentt4\MilestoneAssesmentt4\driver\chromedriver.exe
]]></failure>
    <system-out><![CDATA[[main] DEBUG Hooks.class  - Opening driver
[main] INFO  Hooks.class  - Driver closed
[main] INFO  Hooks.class  - Scenario completed
]]></system-out>
  </testcase>
  <testcase name="runScenario[&quot;Outstaion cab services&quot;, &quot;Optional[Outsation path]&quot;](10)" classname="com.mindtree.runner.TestRunner" time="0.109">
    <failure message="The driver executable does not exist: C:\Users\Kiran\Downloads\MilestoneAssesmentt4\MilestoneAssesmentt4\driver\chromedriver.exe" type="java.lang.IllegalStateException"><![CDATA[java.lang.IllegalStateException: The driver executable does not exist: C:\Users\Kiran\Downloads\MilestoneAssesmentt4\MilestoneAssesmentt4\driver\chromedriver.exe
]]></failure>
    <system-out><![CDATA[[main] DEBUG Hooks.class  - Opening driver
[main] INFO  Hooks.class  - Driver closed
[main] INFO  Hooks.class  - Scenario completed
]]></system-out>
  </testcase>
  <testcase name="runScenario[&quot;Checking Login&quot;, &quot;Optional[Login Validation]&quot;](11)" classname="com.mindtree.runner.TestRunner" time="0.1">
    <failure message="The driver executable does not exist: C:\Users\Kiran\Downloads\MilestoneAssesmentt4\MilestoneAssesmentt4\driver\chromedriver.exe" type="java.lang.IllegalStateException"><![CDATA[java.lang.IllegalStateException: The driver executable does not exist: C:\Users\Kiran\Downloads\MilestoneAssesmentt4\MilestoneAssesmentt4\driver\chromedriver.exe
]]></failure>
    <system-out><![CDATA[[main] DEBUG Hooks.class  - Opening driver
[main] INFO  Hooks.class  - Driver closed
[main] INFO  Hooks.class  - Scenario completed
]]></system-out>
  </testcase>
</testsuite>