-------------------------------------------------------------------------------
Test set: TestSuite
-------------------------------------------------------------------------------
Tests run: 11, Failures: 11, Errors: 0, Skipped: 0, Time elapsed: 6.919 s <<< FAILURE! - in TestSuite
com.mindtree.runner.TestRunner.runScenario["Airport cab services", "Optional[Airport]"](1)  Time elapsed: 0.875 s  <<< FAILURE!
java.lang.IllegalStateException: The driver executable does not exist: C:\Users\Kiran\Downloads\MilestoneAssesmentt4\MilestoneAssesmentt4\driver\chromedriver.exe

com.mindtree.runner.TestRunner.runScenario["Airport cab services", "Optional[Airport]"](2)  Time elapsed: 0.203 s  <<< FAILURE!
java.lang.IllegalStateException: The driver executable does not exist: C:\Users\Kiran\Downloads\MilestoneAssesmentt4\MilestoneAssesmentt4\driver\chromedriver.exe

com.mindtree.runner.TestRunner.runScenario["Title of homepage validation", "Optional[Homepage]"](3)  Time elapsed: 0.089 s  <<< FAILURE!
java.lang.IllegalStateException: The driver executable does not exist: C:\Users\Kiran\Downloads\MilestoneAssesmentt4\MilestoneAssesmentt4\driver\chromedriver.exe

com.mindtree.runner.TestRunner.runScenario["CEO Validation", "Optional[Homepage]"](4)  Time elapsed: 0.141 s  <<< FAILURE!
java.lang.IllegalStateException: The driver executable does not exist: C:\Users\Kiran\Downloads\MilestoneAssesmentt4\MilestoneAssesmentt4\driver\chromedriver.exe

com.mindtree.runner.TestRunner.runScenario["ContactUs", "Optional[Homepage]"](5)  Time elapsed: 0.193 s  <<< FAILURE!
java.lang.IllegalStateException: The driver executable does not exist: C:\Users\Kiran\Downloads\MilestoneAssesmentt4\MilestoneAssesmentt4\driver\chromedriver.exe

com.mindtree.runner.TestRunner.runScenario["Local cab services", "Optional[Local path]"](6)  Time elapsed: 0.128 s  <<< FAILURE!
java.lang.IllegalStateException: The driver executable does not exist: C:\Users\Kiran\Downloads\MilestoneAssesmentt4\MilestoneAssesmentt4\driver\chromedriver.exe

com.mindtree.runner.TestRunner.runScenario["Validating Text is displayed after filling the fields", "Optional[Corporate car Rental under services]"](7)  Time elapsed: 0.167 s  <<< FAILURE!
java.lang.IllegalStateException: The driver executable does not exist: C:\Users\Kiran\Downloads\MilestoneAssesmentt4\MilestoneAssesmentt4\driver\chromedriver.exe

com.mindtree.runner.TestRunner.runScenario["Validating the North route", "Optional[One way cab]"](8)  Time elapsed: 0.093 s  <<< FAILURE!
java.lang.IllegalStateException: The driver executable does not exist: C:\Users\Kiran\Downloads\MilestoneAssesmentt4\MilestoneAssesmentt4\driver\chromedriver.exe

com.mindtree.runner.TestRunner.runScenario["Outstaion cab services", "Optional[Outsation path]"](9)  Time elapsed: 0.127 s  <<< FAILURE!
java.lang.IllegalStateException: The driver executable does not exist: C:\Users\Kiran\Downloads\MilestoneAssesmentt4\MilestoneAssesmentt4\driver\chromedriver.exe

com.mindtree.runner.TestRunner.runScenario["Outstaion cab services", "Optional[Outsation path]"](10)  Time elapsed: 0.109 s  <<< FAILURE!
java.lang.IllegalStateException: The driver executable does not exist: C:\Users\Kiran\Downloads\MilestoneAssesmentt4\MilestoneAssesmentt4\driver\chromedriver.exe

com.mindtree.runner.TestRunner.runScenario["Checking Login", "Optional[Login Validation]"](11)  Time elapsed: 0.1 s  <<< FAILURE!
java.lang.IllegalStateException: The driver executable does not exist: C:\Users\Kiran\Downloads\MilestoneAssesmentt4\MilestoneAssesmentt4\driver\chromedriver.exe

